2023-01-06 18:07:25 INFO     
    ███████╗██╗██████╗  ██████╗ ██████╗ ██╗     ██╗████████╗███████╗
    ╚══███╔╝██║██╔══██╗██╔════╝██╔═══██╗██║     ██║╚══██╔══╝██╔════╝
      ███╔╝ ██║██████╔╝██║     ██║   ██║██║     ██║   ██║   █████╗
     ███╔╝  ██║██╔══██╗██║     ██║   ██║██║     ██║   ██║   ██╔══╝
    ███████╗██║██║  ██║╚██████╗╚██████╔╝███████╗██║   ██║   ███████╗
    ╚══════╝╚═╝╚═╝  ╚═╝ ╚═════╝ ╚═════╝ ╚══════╝╚═╝   ╚═╝   ╚══════╝
   -= Standalone SIGMA Detection tool for EVTX/Auditd/Sysmon Linux =-
    
2023-01-06 18:07:25 INFO     [+] Checking prerequisites
2023-01-06 18:07:25 INFO     [+] Extracting EVTX Using 'tmp-TN9385V2' directory 
2023-01-06 18:07:25 ERROR    [31m   [-] Cannot find mapping file
2023-01-06 18:10:55 INFO     
    ███████╗██╗██████╗  ██████╗ ██████╗ ██╗     ██╗████████╗███████╗
    ╚══███╔╝██║██╔══██╗██╔════╝██╔═══██╗██║     ██║╚══██╔══╝██╔════╝
      ███╔╝ ██║██████╔╝██║     ██║   ██║██║     ██║   ██║   █████╗
     ███╔╝  ██║██╔══██╗██║     ██║   ██║██║     ██║   ██║   ██╔══╝
    ███████╗██║██║  ██║╚██████╗╚██████╔╝███████╗██║   ██║   ███████╗
    ╚══════╝╚═╝╚═╝  ╚═╝ ╚═════╝ ╚═════╝ ╚══════╝╚═╝   ╚═╝   ╚══════╝
   -= Standalone SIGMA Detection tool for EVTX/Auditd/Sysmon Linux =-
    
2023-01-06 18:10:55 INFO     [+] Checking prerequisites
2023-01-06 18:10:55 INFO     [+] Extracting EVTX Using 'tmp-O8MIP4SV' directory 
2023-01-06 18:10:55 ERROR    [31m   [-] Cannot find mapping file
