2023-01-06 17:15:36 INFO     
    â–ˆâ–ˆâ–ˆâ–ˆâ–ˆâ–ˆâ–ˆâ•—â–ˆâ–ˆâ•—â–ˆâ–ˆâ–ˆâ–ˆâ–ˆâ–ˆâ•—  â–ˆâ–ˆâ–ˆâ–ˆâ–ˆâ–ˆâ•— â–ˆâ–ˆâ–ˆâ–ˆâ–ˆâ–ˆâ•— â–ˆâ–ˆâ•—     â–ˆâ–ˆâ•—â–ˆâ–ˆâ–ˆâ–ˆâ–ˆâ–ˆâ–ˆâ–ˆâ•—â–ˆâ–ˆâ–ˆâ–ˆâ–ˆâ–ˆâ–ˆâ•—
    â•šâ•â•â–ˆâ–ˆâ–ˆâ•”â•â–ˆâ–ˆâ•‘â–ˆâ–ˆâ•”â•â•â–ˆâ–ˆâ•—â–ˆâ–ˆâ•”â•â•â•â•â•â–ˆâ–ˆâ•”â•â•â•â–ˆâ–ˆâ•—â–ˆâ–ˆâ•‘     â–ˆâ–ˆâ•‘â•šâ•â•â–ˆâ–ˆâ•”â•â•â•â–ˆâ–ˆâ•”â•â•â•â•â•
      â–ˆâ–ˆâ–ˆâ•”â• â–ˆâ–ˆâ•‘â–ˆâ–ˆâ–ˆâ–ˆâ–ˆâ–ˆâ•”â•â–ˆâ–ˆâ•‘     â–ˆâ–ˆâ•‘   â–ˆâ–ˆâ•‘â–ˆâ–ˆâ•‘     â–ˆâ–ˆâ•‘   â–ˆâ–ˆâ•‘   â–ˆâ–ˆâ–ˆâ–ˆâ–ˆâ•—
     â–ˆâ–ˆâ–ˆâ•”â•  â–ˆâ–ˆâ•‘â–ˆâ–ˆâ•”â•â•â–ˆâ–ˆâ•—â–ˆâ–ˆâ•‘     â–ˆâ–ˆâ•‘   â–ˆâ–ˆâ•‘â–ˆâ–ˆâ•‘     â–ˆâ–ˆâ•‘   â–ˆâ–ˆâ•‘   â–ˆâ–ˆâ•”â•â•â•
    â–ˆâ–ˆâ–ˆâ–ˆâ–ˆâ–ˆâ–ˆâ•—â–ˆâ–ˆâ•‘â–ˆâ–ˆâ•‘  â–ˆâ–ˆâ•‘â•šâ–ˆâ–ˆâ–ˆâ–ˆâ–ˆâ–ˆâ•—â•šâ–ˆâ–ˆâ–ˆâ–ˆâ–ˆâ–ˆâ•”â•â–ˆâ–ˆâ–ˆâ–ˆâ–ˆâ–ˆâ–ˆâ•—â–ˆâ–ˆâ•‘   â–ˆâ–ˆâ•‘   â–ˆâ–ˆâ–ˆâ–ˆâ–ˆâ–ˆâ–ˆâ•—
    â•šâ•â•â•â•â•â•â•â•šâ•â•â•šâ•â•  â•šâ•â• â•šâ•â•â•â•â•â• â•šâ•â•â•â•â•â• â•šâ•â•â•â•â•â•â•â•šâ•â•   â•šâ•â•   â•šâ•â•â•â•â•â•â•
   -= Standalone SIGMA Detection tool for EVTX/Auditd/Sysmon Linux =-
    
2023-01-06 17:15:36 INFO     [+] Checking prerequisites
2023-01-06 17:15:36 INFO     [+] Extracting EVTX Using 'tmp-NRN6AZ0B' directory 
2023-01-06 17:15:36 INFO     [+] Processing EVTX
2023-01-06 17:15:36 INFO     [+] Creating model
2023-01-06 17:15:36 INFO     [+] Inserting data
2023-01-06 17:15:36 INFO     [+] Cleaning unused objects
2023-01-06 17:15:36 INFO     [+] Loading ruleset from : /home/omegalul/Desktop/KRYCY_L1/KRYCY_LAB1/SIGMA_rules
2023-01-06 17:15:36 ERROR    [31m   [-] Load JSON ruleset failed, are you sure it is a valid JSON file ? : unexpected character: line 1 column 1 (char 0)[39m
2023-01-06 17:15:36 INFO     [+] Executing ruleset - 0 rules
2023-01-06 17:15:36 INFO     [+] Results written in : detected_events.json
2023-01-06 17:15:36 INFO     [+] Cleaning
2023-01-06 17:15:36 INFO     
Finished in 0 seconds
2023-01-06 17:16:47 INFO     
    â–ˆâ–ˆâ–ˆâ–ˆâ–ˆâ–ˆâ–ˆâ•—â–ˆâ–ˆâ•—â–ˆâ–ˆâ–ˆâ–ˆâ–ˆâ–ˆâ•—  â–ˆâ–ˆâ–ˆâ–ˆâ–ˆâ–ˆâ•— â–ˆâ–ˆâ–ˆâ–ˆâ–ˆâ–ˆâ•— â–ˆâ–ˆâ•—     â–ˆâ–ˆâ•—â–ˆâ–ˆâ–ˆâ–ˆâ–ˆâ–ˆâ–ˆâ–ˆâ•—â–ˆâ–ˆâ–ˆâ–ˆâ–ˆâ–ˆâ–ˆâ•—
    â•šâ•â•â–ˆâ–ˆâ–ˆâ•”â•â–ˆâ–ˆâ•‘â–ˆâ–ˆâ•”â•â•â–ˆâ–ˆâ•—â–ˆâ–ˆâ•”â•â•â•â•â•â–ˆâ–ˆâ•”â•â•â•â–ˆâ–ˆâ•—â–ˆâ–ˆâ•‘     â–ˆâ–ˆâ•‘â•šâ•â•â–ˆâ–ˆâ•”â•â•â•â–ˆâ–ˆâ•”â•â•â•â•â•
      â–ˆâ–ˆâ–ˆâ•”â• â–ˆâ–ˆâ•‘â–ˆâ–ˆâ–ˆâ–ˆâ–ˆâ–ˆâ•”â•â–ˆâ–ˆâ•‘     â–ˆâ–ˆâ•‘   â–ˆâ–ˆâ•‘â–ˆâ–ˆâ•‘     â–ˆâ–ˆâ•‘   â–ˆâ–ˆâ•‘   â–ˆâ–ˆâ–ˆâ–ˆâ–ˆâ•—
     â–ˆâ–ˆâ–ˆâ•”â•  â–ˆâ–ˆâ•‘â–ˆâ–ˆâ•”â•â•â–ˆâ–ˆâ•—â–ˆâ–ˆâ•‘     â–ˆâ–ˆâ•‘   â–ˆâ–ˆâ•‘â–ˆâ–ˆâ•‘     â–ˆâ–ˆâ•‘   â–ˆâ–ˆâ•‘   â–ˆâ–ˆâ•”â•â•â•
    â–ˆâ–ˆâ–ˆâ–ˆâ–ˆâ–ˆâ–ˆâ•—â–ˆâ–ˆâ•‘â–ˆâ–ˆâ•‘  â–ˆâ–ˆâ•‘â•šâ–ˆâ–ˆâ–ˆâ–ˆâ–ˆâ–ˆâ•—â•šâ–ˆâ–ˆâ–ˆâ–ˆâ–ˆâ–ˆâ•”â•â–ˆâ–ˆâ–ˆâ–ˆâ–ˆâ–ˆâ–ˆâ•—â–ˆâ–ˆâ•‘   â–ˆâ–ˆâ•‘   â–ˆâ–ˆâ–ˆâ–ˆâ–ˆâ–ˆâ–ˆâ•—
    â•šâ•â•â•â•â•â•â•â•šâ•â•â•šâ•â•  â•šâ•â• â•šâ•â•â•â•â•â• â•šâ•â•â•â•â•â• â•šâ•â•â•â•â•â•â•â•šâ•â•   â•šâ•â•   â•šâ•â•â•â•â•â•â•
   -= Standalone SIGMA Detection tool for EVTX/Auditd/Sysmon Linux =-
    
2023-01-06 17:16:47 INFO     [+] Checking prerequisites
2023-01-06 17:16:47 INFO     [+] Extracting EVTX Using 'tmp-2PVO9SVH' directory 
2023-01-06 17:16:47 INFO     [+] Processing EVTX
2023-01-06 17:16:47 INFO     [+] Creating model
2023-01-06 17:16:47 INFO     [+] Inserting data
2023-01-06 17:16:47 INFO     [+] Cleaning unused objects
2023-01-06 17:16:47 INFO     [+] Loading ruleset from : rules/rules_linux.json
2023-01-06 17:16:47 INFO     [+] Executing ruleset - 117 rules
2023-01-06 17:16:47 INFO     [+] Results written in : detected_events.json
2023-01-06 17:16:47 INFO     [+] Cleaning
2023-01-06 17:16:47 INFO     
Finished in 0 seconds
2023-01-06 17:30:31 INFO     
    â–ˆâ–ˆâ–ˆâ–ˆâ–ˆâ–ˆâ–ˆâ•—â–ˆâ–ˆâ•—â–ˆâ–ˆâ–ˆâ–ˆâ–ˆâ–ˆâ•—  â–ˆâ–ˆâ–ˆâ–ˆâ–ˆâ–ˆâ•— â–ˆâ–ˆâ–ˆâ–ˆâ–ˆâ–ˆâ•— â–ˆâ–ˆâ•—     â–ˆâ–ˆâ•—â–ˆâ–ˆâ–ˆâ–ˆâ–ˆâ–ˆâ–ˆâ–ˆâ•—â–ˆâ–ˆâ–ˆâ–ˆâ–ˆâ–ˆâ–ˆâ•—
    â•šâ•â•â–ˆâ–ˆâ–ˆâ•”â•â–ˆâ–ˆâ•‘â–ˆâ–ˆâ•”â•â•â–ˆâ–ˆâ•—â–ˆâ–ˆâ•”â•â•â•â•â•â–ˆâ–ˆâ•”â•â•â•â–ˆâ–ˆâ•—â–ˆâ–ˆâ•‘     â–ˆâ–ˆâ•‘â•šâ•â•â–ˆâ–ˆâ•”â•â•â•â–ˆâ–ˆâ•”â•â•â•â•â•
      â–ˆâ–ˆâ–ˆâ•”â• â–ˆâ–ˆâ•‘â–ˆâ–ˆâ–ˆâ–ˆâ–ˆâ–ˆâ•”â•â–ˆâ–ˆâ•‘     â–ˆâ–ˆâ•‘   â–ˆâ–ˆâ•‘â–ˆâ–ˆâ•‘     â–ˆâ–ˆâ•‘   â–ˆâ–ˆâ•‘   â–ˆâ–ˆâ–ˆâ–ˆâ–ˆâ•—
     â–ˆâ–ˆâ–ˆâ•”â•  â–ˆâ–ˆâ•‘â–ˆâ–ˆâ•”â•â•â–ˆâ–ˆâ•—â–ˆâ–ˆâ•‘     â–ˆâ–ˆâ•‘   â–ˆâ–ˆâ•‘â–ˆâ–ˆâ•‘     â–ˆâ–ˆâ•‘   â–ˆâ–ˆâ•‘   â–ˆâ–ˆâ•”â•â•â•
    â–ˆâ–ˆâ–ˆâ–ˆâ–ˆâ–ˆâ–ˆâ•—â–ˆâ–ˆâ•‘â–ˆâ–ˆâ•‘  â–ˆâ–ˆâ•‘â•šâ–ˆâ–ˆâ–ˆâ–ˆâ–ˆâ–ˆâ•—â•šâ–ˆâ–ˆâ–ˆâ–ˆâ–ˆâ–ˆâ•”â•â–ˆâ–ˆâ–ˆâ–ˆâ–ˆâ–ˆâ–ˆâ•—â–ˆâ–ˆâ•‘   â–ˆâ–ˆâ•‘   â–ˆâ–ˆâ–ˆâ–ˆâ–ˆâ–ˆâ–ˆâ•—
    â•šâ•â•â•â•â•â•â•â•šâ•â•â•šâ•â•  â•šâ•â• â•šâ•â•â•â•â•â• â•šâ•â•â•â•â•â• â•šâ•â•â•â•â•â•â•â•šâ•â•   â•šâ•â•   â•šâ•â•â•â•â•â•â•
   -= Standalone SIGMA Detection tool for EVTX/Auditd/Sysmon Linux =-
    
2023-01-06 17:30:31 INFO     [+] Checking prerequisites
2023-01-06 17:30:31 INFO     [+] Extracting EVTX Using 'tmp-6L8CCBZX' directory 
2023-01-06 17:30:31 INFO     [+] Processing EVTX
2023-01-06 17:30:31 INFO     [+] Creating model
2023-01-06 17:30:31 INFO     [+] Inserting data
2023-01-06 17:30:31 INFO     [+] Cleaning unused objects
2023-01-06 17:30:31 INFO     [+] Loading ruleset from : rules/rules_linux.json
2023-01-06 17:30:31 ERROR    [31m   [-] Load JSON ruleset failed, are you sure it is a valid JSON file ? : unexpected character: line 2130 column 5 (char 101223)[39m
2023-01-06 17:30:31 INFO     [+] Executing ruleset - 0 rules
2023-01-06 17:30:31 INFO     [+] Results written in : detected_events.json
2023-01-06 17:30:31 INFO     [+] Cleaning
2023-01-06 17:30:31 INFO     
Finished in 0 seconds
2023-01-06 17:31:32 INFO     
    â–ˆâ–ˆâ–ˆâ–ˆâ–ˆâ–ˆâ–ˆâ•—â–ˆâ–ˆâ•—â–ˆâ–ˆâ–ˆâ–ˆâ–ˆâ–ˆâ•—  â–ˆâ–ˆâ–ˆâ–ˆâ–ˆâ–ˆâ•— â–ˆâ–ˆâ–ˆâ–ˆâ–ˆâ–ˆâ•— â–ˆâ–ˆâ•—     â–ˆâ–ˆâ•—â–ˆâ–ˆâ–ˆâ–ˆâ–ˆâ–ˆâ–ˆâ–ˆâ•—â–ˆâ–ˆâ–ˆâ–ˆâ–ˆâ–ˆâ–ˆâ•—
    â•šâ•â•â–ˆâ–ˆâ–ˆâ•”â•â–ˆâ–ˆâ•‘â–ˆâ–ˆâ•”â•â•â–ˆâ–ˆâ•—â–ˆâ–ˆâ•”â•â•â•â•â•â–ˆâ–ˆâ•”â•â•â•â–ˆâ–ˆâ•—â–ˆâ–ˆâ•‘     â–ˆâ–ˆâ•‘â•šâ•â•â–ˆâ–ˆâ•”â•â•â•â–ˆâ–ˆâ•”â•â•â•â•â•
      â–ˆâ–ˆâ–ˆâ•”â• â–ˆâ–ˆâ•‘â–ˆâ–ˆâ–ˆâ–ˆâ–ˆâ–ˆâ•”â•â–ˆâ–ˆâ•‘     â–ˆâ–ˆâ•‘   â–ˆâ–ˆâ•‘â–ˆâ–ˆâ•‘     â–ˆâ–ˆâ•‘   â–ˆâ–ˆâ•‘   â–ˆâ–ˆâ–ˆâ–ˆâ–ˆâ•—
     â–ˆâ–ˆâ–ˆâ•”â•  â–ˆâ–ˆâ•‘â–ˆâ–ˆâ•”â•â•â–ˆâ–ˆâ•—â–ˆâ–ˆâ•‘     â–ˆâ–ˆâ•‘   â–ˆâ–ˆâ•‘â–ˆâ–ˆâ•‘     â–ˆâ–ˆâ•‘   â–ˆâ–ˆâ•‘   â–ˆâ–ˆâ•”â•â•â•
    â–ˆâ–ˆâ–ˆâ–ˆâ–ˆâ–ˆâ–ˆâ•—â–ˆâ–ˆâ•‘â–ˆâ–ˆâ•‘  â–ˆâ–ˆâ•‘â•šâ–ˆâ–ˆâ–ˆâ–ˆâ–ˆâ–ˆâ•—â•šâ–ˆâ–ˆâ–ˆâ–ˆâ–ˆâ–ˆâ•”â•â–ˆâ–ˆâ–ˆâ–ˆâ–ˆâ–ˆâ–ˆâ•—â–ˆâ–ˆâ•‘   â–ˆâ–ˆâ•‘   â–ˆâ–ˆâ–ˆâ–ˆâ–ˆâ–ˆâ–ˆâ•—
    â•šâ•â•â•â•â•â•â•â•šâ•â•â•šâ•â•  â•šâ•â• â•šâ•â•â•â•â•â• â•šâ•â•â•â•â•â• â•šâ•â•â•â•â•â•â•â•šâ•â•   â•šâ•â•   â•šâ•â•â•â•â•â•â•
   -= Standalone SIGMA Detection tool for EVTX/Auditd/Sysmon Linux =-
    
2023-01-06 17:31:32 INFO     [+] Checking prerequisites
2023-01-06 17:31:32 INFO     [+] Extracting EVTX Using 'tmp-NDLAMYGJ' directory 
2023-01-06 17:31:32 INFO     [+] Processing EVTX
2023-01-06 17:31:32 INFO     [+] Creating model
2023-01-06 17:31:32 INFO     [+] Inserting data
2023-01-06 17:31:32 INFO     [+] Cleaning unused objects
2023-01-06 17:31:32 INFO     [+] Loading ruleset from : rules/rules_linux.json
2023-01-06 17:31:32 INFO     [+] Executing ruleset - 118 rules
2023-01-06 17:31:32 INFO     [+] Results written in : detected_events.json
2023-01-06 17:31:32 INFO     [+] Cleaning
2023-01-06 17:31:32 INFO     
Finished in 0 seconds
2023-01-06 17:39:34 INFO     
    â–ˆâ–ˆâ–ˆâ–ˆâ–ˆâ–ˆâ–ˆâ•—â–ˆâ–ˆâ•—â–ˆâ–ˆâ–ˆâ–ˆâ–ˆâ–ˆâ•—  â–ˆâ–ˆâ–ˆâ–ˆâ–ˆâ–ˆâ•— â–ˆâ–ˆâ–ˆâ–ˆâ–ˆâ–ˆâ•— â–ˆâ–ˆâ•—     â–ˆâ–ˆâ•—â–ˆâ–ˆâ–ˆâ–ˆâ–ˆâ–ˆâ–ˆâ–ˆâ•—â–ˆâ–ˆâ–ˆâ–ˆâ–ˆâ–ˆâ–ˆâ•—
    â•šâ•â•â–ˆâ–ˆâ–ˆâ•”â•â–ˆâ–ˆâ•‘â–ˆâ–ˆâ•”â•â•â–ˆâ–ˆâ•—â–ˆâ–ˆâ•”â•â•â•â•â•â–ˆâ–ˆâ•”â•â•â•â–ˆâ–ˆâ•—â–ˆâ–ˆâ•‘     â–ˆâ–ˆâ•‘â•šâ•â•â–ˆâ–ˆâ•”â•â•â•â–ˆâ–ˆâ•”â•â•â•â•â•
      â–ˆâ–ˆâ–ˆâ•”â• â–ˆâ–ˆâ•‘â–ˆâ–ˆâ–ˆâ–ˆâ–ˆâ–ˆâ•”â•â–ˆâ–ˆâ•‘     â–ˆâ–ˆâ•‘   â–ˆâ–ˆâ•‘â–ˆâ–ˆâ•‘     â–ˆâ–ˆâ•‘   â–ˆâ–ˆâ•‘   â–ˆâ–ˆâ–ˆâ–ˆâ–ˆâ•—
     â–ˆâ–ˆâ–ˆâ•”â•  â–ˆâ–ˆâ•‘â–ˆâ–ˆâ•”â•â•â–ˆâ–ˆâ•—â–ˆâ–ˆâ•‘     â–ˆâ–ˆâ•‘   â–ˆâ–ˆâ•‘â–ˆâ–ˆâ•‘     â–ˆâ–ˆâ•‘   â–ˆâ–ˆâ•‘   â–ˆâ–ˆâ•”â•â•â•
    â–ˆâ–ˆâ–ˆâ–ˆâ–ˆâ–ˆâ–ˆâ•—â–ˆâ–ˆâ•‘â–ˆâ–ˆâ•‘  â–ˆâ–ˆâ•‘â•šâ–ˆâ–ˆâ–ˆâ–ˆâ–ˆâ–ˆâ•—â•šâ–ˆâ–ˆâ–ˆâ–ˆâ–ˆâ–ˆâ•”â•â–ˆâ–ˆâ–ˆâ–ˆâ–ˆâ–ˆâ–ˆâ•—â–ˆâ–ˆâ•‘   â–ˆâ–ˆâ•‘   â–ˆâ–ˆâ–ˆâ–ˆâ–ˆâ–ˆâ–ˆâ•—
    â•šâ•â•â•â•â•â•â•â•šâ•â•â•šâ•â•  â•šâ•â• â•šâ•â•â•â•â•â• â•šâ•â•â•â•â•â• â•šâ•â•â•â•â•â•â•â•šâ•â•   â•šâ•â•   â•šâ•â•â•â•â•â•â•
   -= Standalone SIGMA Detection tool for EVTX/Auditd/Sysmon Linux =-
    
2023-01-06 17:39:34 INFO     [+] Checking prerequisites
2023-01-06 17:39:34 INFO     [+] Extracting EVTX Using 'tmp-460YBO6U' directory 
2023-01-06 17:39:34 INFO     [+] Processing EVTX
2023-01-06 17:39:34 INFO     [+] Creating model
2023-01-06 17:39:34 INFO     [+] Inserting data
2023-01-06 17:39:34 INFO     [+] Cleaning unused objects
2023-01-06 17:39:34 INFO     [+] Loading ruleset from : rules/rules_linux.json
2023-01-06 17:39:34 INFO     [+] Executing ruleset - 118 rules
2023-01-06 17:39:34 DEBUG        - RULE TEST DEEEEEEEZZ [zodyn] : 3 events
2023-01-06 17:39:34 INFO     [+] Results written in : detected_events.json
2023-01-06 17:39:34 INFO     [+] Cleaning
2023-01-06 17:39:34 INFO     
Finished in 0 seconds
2023-01-06 18:18:54 INFO     
    â–ˆâ–ˆâ–ˆâ–ˆâ–ˆâ–ˆâ–ˆâ•—â–ˆâ–ˆâ•—â–ˆâ–ˆâ–ˆâ–ˆâ–ˆâ–ˆâ•—  â–ˆâ–ˆâ–ˆâ–ˆâ–ˆâ–ˆâ•— â–ˆâ–ˆâ–ˆâ–ˆâ–ˆâ–ˆâ•— â–ˆâ–ˆâ•—     â–ˆâ–ˆâ•—â–ˆâ–ˆâ–ˆâ–ˆâ–ˆâ–ˆâ–ˆâ–ˆâ•—â–ˆâ–ˆâ–ˆâ–ˆâ–ˆâ–ˆâ–ˆâ•—
    â•šâ•â•â–ˆâ–ˆâ–ˆâ•”â•â–ˆâ–ˆâ•‘â–ˆâ–ˆâ•”â•â•â–ˆâ–ˆâ•—â–ˆâ–ˆâ•”â•â•â•â•â•â–ˆâ–ˆâ•”â•â•â•â–ˆâ–ˆâ•—â–ˆâ–ˆâ•‘     â–ˆâ–ˆâ•‘â•šâ•â•â–ˆâ–ˆâ•”â•â•â•â–ˆâ–ˆâ•”â•â•â•â•â•
      â–ˆâ–ˆâ–ˆâ•”â• â–ˆâ–ˆâ•‘â–ˆâ–ˆâ–ˆâ–ˆâ–ˆâ–ˆâ•”â•â–ˆâ–ˆâ•‘     â–ˆâ–ˆâ•‘   â–ˆâ–ˆâ•‘â–ˆâ–ˆâ•‘     â–ˆâ–ˆâ•‘   â–ˆâ–ˆâ•‘   â–ˆâ–ˆâ–ˆâ–ˆâ–ˆâ•—
     â–ˆâ–ˆâ–ˆâ•”â•  â–ˆâ–ˆâ•‘â–ˆâ–ˆâ•”â•â•â–ˆâ–ˆâ•—â–ˆâ–ˆâ•‘     â–ˆâ–ˆâ•‘   â–ˆâ–ˆâ•‘â–ˆâ–ˆâ•‘     â–ˆâ–ˆâ•‘   â–ˆâ–ˆâ•‘   â–ˆâ–ˆâ•”â•â•â•
    â–ˆâ–ˆâ–ˆâ–ˆâ–ˆâ–ˆâ–ˆâ•—â–ˆâ–ˆâ•‘â–ˆâ–ˆâ•‘  â–ˆâ–ˆâ•‘â•šâ–ˆâ–ˆâ–ˆâ–ˆâ–ˆâ–ˆâ•—â•šâ–ˆâ–ˆâ–ˆâ–ˆâ–ˆâ–ˆâ•”â•â–ˆâ–ˆâ–ˆâ–ˆâ–ˆâ–ˆâ–ˆâ•—â–ˆâ–ˆâ•‘   â–ˆâ–ˆâ•‘   â–ˆâ–ˆâ–ˆâ–ˆâ–ˆâ–ˆâ–ˆâ•—
    â•šâ•â•â•â•â•â•â•â•šâ•â•â•šâ•â•  â•šâ•â• â•šâ•â•â•â•â•â• â•šâ•â•â•â•â•â• â•šâ•â•â•â•â•â•â•â•šâ•â•   â•šâ•â•   â•šâ•â•â•â•â•â•â•
   -= Standalone SIGMA Detection tool for EVTX/Auditd/Sysmon Linux =-
    
2023-01-06 18:18:54 INFO     [+] Checking prerequisites
2023-01-06 18:18:54 INFO     [+] Extracting EVTX Using 'tmp-TAGBJ0FL' directory 
2023-01-06 18:18:54 INFO     [+] Processing EVTX
2023-01-06 18:18:54 INFO     [+] Creating model
2023-01-06 18:18:54 INFO     [+] Inserting data
2023-01-06 18:18:54 INFO     [+] Cleaning unused objects
2023-01-06 18:18:54 INFO     [+] Loading ruleset from : rules/rules_linux.json
2023-01-06 18:18:54 INFO     [+] Executing ruleset - 118 rules
2023-01-06 18:18:54 DEBUG        - RULE TEST DEEEEEEEZZ [zodyn] : 3 events
2023-01-06 18:18:54 INFO     [+] Results written in : detected_events.json
2023-01-06 18:18:54 INFO     [+] Cleaning
2023-01-06 18:18:54 INFO     
Finished in 0 seconds
